<?xml version="1.0" encoding="utf-8"?><testsuites name="pytest tests"><testsuite name="pytest" errors="0" failures="0" skipped="0" tests="5" time="5.389" timestamp="2026-07-18T14:13:44.428201+00:00" hostname="agent-env-147ad646-63dd-4a90-b339-bdb08ff6ee80"><testcase classname="tests.test_ai_removed.TestNoIAAlerts" name="test_existing_ia_alerts_are_only_historical" time="0.945" /><testcase classname="tests.test_ai_removed.TestHeuristicRulesStillWork" name="test_aumento_repentino_consumo_triggers" time="3.066" /><testcase classname="tests.test_ai_removed.TestNoIAAlerts" name="test_refuel_create_does_not_generate_ia_alerts" time="1.707" /><testcase classname="tests.test_ai_removed.TestFrentistaRoleFromMe" name="test_auth_me_returns_frentista_role" time="0.202" /><testcase classname="tests.test_ai_removed.TestHeuristicRulesStillWork" name="test_abastecimentos_frequentes_triggers" time="1.819" /></testsuite></testsuites>