<?xml version="1.0" encoding="utf-8"?><testsuites name="pytest tests"><testsuite name="pytest" errors="0" failures="0" skipped="0" tests="37" time="44.430" timestamp="2026-07-18T11:47:06.698853+00:00" hostname="agent-env-147ad646-63dd-4a90-b339-bdb08ff6ee80"><testcase classname="tests.backend_test.TestAuth" name="test_login_admin_returns_token_and_user" time="0.605" /><testcase classname="tests.backend_test.TestAuth" name="test_login_invalid_returns_401" time="0.504" /><testcase classname="tests.backend_test.TestAuth" name="test_login_unknown_user_returns_401" time="0.252" /><testcase classname="tests.backend_test.TestAuth" name="test_all_seed_users_can_login" time="1.556" /><testcase classname="tests.backend_test.TestRefuelValidate" name="test_validate_inactive_vehicle_fails" time="2.326" /><testcase classname="tests.backend_test.TestRefuelValidate" name="test_validate_km_less_than_previous_fails" time="0.398" /><testcase classname="tests.backend_test.TestRefuelValidate" name="test_validate_wrong_fuel_type_fails" time="0.192" /><testcase classname="tests.backend_test.TestRefuelValidate" name="test_validate_ok_true_for_valid_input" time="0.044" /><testcase classname="tests.backend_test.TestRefuelValidate" name="test_validate_expired_cnh_fails" time="0.363" /><testcase classname="tests.backend_test.TestNFC" name="test_nfc_lookup_returns_vehicle" time="0.044" /><testcase classname="tests.backend_test.TestNFC" name="test_nfc_lookup_lowercase_uppercased_by_backend" time="0.230" /><testcase classname="tests.backend_test.TestNFC" name="test_nfc_lookup_invalid_404" time="0.047" /><testcase classname="tests.backend_test.TestNFC" name="test_refuel_start_returns_vehicle_and_price" time="0.101" /><testcase classname="tests.backend_test.TestRefuelCreate" name="test_refuel_create_computes_totals_and_updates_km" time="7.879" /><testcase classname="tests.backend_test.TestAuth" name="test_auth_me_returns_user" time="2.785" /><testcase classname="tests.backend_test.TestAuth" name="test_auth_me_without_token_401" time="0.127" /><testcase classname="tests.backend_test.TestAuth" name="test_auth_me_invalid_token_401" time="0.099" /><testcase classname="tests.backend_test.TestAudit" name="test_audit_admin_can_list" time="0.047" /><testcase classname="tests.backend_test.TestAudit" name="test_audit_auditor_can_list" time="0.092" /><testcase classname="tests.backend_test.TestAudit" name="test_audit_gestor_can_list" time="0.100" /><testcase classname="tests.backend_test.TestAudit" name="test_audit_frentista_forbidden" time="0.093" /><testcase classname="tests.backend_test.TestVehicles" name="test_admin_creates_vehicle_with_nfc" time="0.215" /><testcase classname="tests.backend_test.TestVehicles" name="test_frentista_cannot_create_vehicle" time="0.044" /><testcase classname="tests.backend_test.TestVehicles" name="test_gestor_can_create_vehicle" time="0.088" /><testcase classname="tests.backend_test.TestAlerts" name="test_alerts_list" time="0.042" /><testcase classname="tests.backend_test.TestAlerts" name="test_resolve_alert_as_admin" time="0.289" /><testcase classname="tests.backend_test.TestAlerts" name="test_resolve_alert_as_frentista_forbidden" time="0.083" /><testcase classname="tests.backend_test.TestUsers" name="test_admin_creates_user" time="0.313" /><testcase classname="tests.backend_test.TestUsers" name="test_frentista_cannot_create_user" time="0.046" /><testcase classname="tests.backend_test.TestFuels" name="test_fuels_seeded" time="0.045" /><testcase classname="tests.backend_test.TestDrivers" name="test_admin_creates_driver_with_nfc" time="0.087" /><testcase classname="tests.backend_test.TestStations" name="test_admin_creates_station" time="0.122" /><testcase classname="tests.backend_test.TestDashboard" name="test_dashboard_summary_shape" time="0.045" /><testcase classname="tests.backend_test.TestDeleteAsAdmin" name="test_admin_can_delete_vehicle_driver_station_user" time="0.888" /><testcase classname="tests.backend_test.TestRefuelCreate" name="test_refuel_create_km_less_than_previous_400" time="0.092" /><testcase classname="tests.backend_test.TestRefuelCreate" name="test_refuel_list_filters" time="0.100" /><testcase classname="tests.backend_test.TestRefuelCreate" name="test_sudden_increase_generates_alert" time="32.028" /></testsuite></testsuites>